<?xml version="1.0" encoding="UTF-8"?>
<testsuite name="HelloWorldTest" tests="1" skipped="0" failures="0" errors="0" timestamp="2019-03-11T20:29:56" hostname="vaibhav-macbook-pro.local" time="0.01">
  <properties/>
  <testcase name="helloWorldTest" classname="HelloWorldTest" time="0.01"/>
  <system-out><![CDATA[]]></system-out>
  <system-err><![CDATA[]]></system-err>
</testsuite>
